#
# A fatal error has been detected by the Java Runtime Environment:
#
#  EXCEPTION_ACCESS_VIOLATION (0xc0000005) at pc=0x0000000070fe27c6, pid=4000, tid=0x0000000000001604
#
# JRE version: OpenJDK Runtime Environment (8.0_242-b01) (build 1.8.0_242-release-1644-b01)
# Java VM: OpenJDK 64-Bit Server VM (25.242-b01 mixed mode windows-amd64 compressed oops)
# Problematic frame:
# V  [jvm.dll+0x3d27c6]
#
# Failed to write core dump. Minidumps are not enabled by default on client versions of Windows
#
# If you would like to submit a bug report, please visit:
#   
#

---------------  T H R E A D  ---------------

Current thread (0x000000000243b800):  GCTaskThread [stack: 0x0000000002630000,0x0000000002730000] [id=5636]

siginfo: ExceptionCode=0xc0000005, reading address 0xffffffffffffffff

Registers:
RAX=0xfaf26d8800000000, RBX=0x00000000faf26cc8, RCX=0x00000000faf26cc8, RDX=0x00000000faf26bd8
RSP=0x000000000272f830, RBP=0x0000000002b6f484, RSI=0x00000000564d68c0, RDI=0x00000000a051ea30
R8 =0x0000000002b6f484, R9 =0x00000000faf26bd8, R10=0x0000000000000008, R11=0x00000000f7496338
R12=0x0000000011d628ef, R13=0xfaf26d8800000000, R14=0x0000000000000000, R15=0x0000000002439880
RIP=0x0000000070fe27c6, EFLAGS=0x0000000000010286

Top of Stack: (sp=0x000000000272f830)
0x000000000272f830:   00000000faf26cb0 0000000000000005
0x000000000272f840:   00000000564d68c0 00000000fb375748
0x000000000272f850:   00000000f748e348 0000000000001000
0x000000000272f860:   00000000564d68c0 0000000070cfe3a3
0x000000000272f870:   0000000000000000 00000000564d6800
0x000000000272f880:   0000000011d628ef 0000000070fe2b20
0x000000000272f890:   00000000f748f03c 0000000011d62901
0x000000000272f8a0:   00000000564d68c0 00000000a051ea30
0x000000000272f8b0:   00000000f748f03c 0000000070fe36c5
0x000000000272f8c0:   00000000faefa4b8 0000000011d62901
0x000000000272f8d0:   00000000564d68c0 0000000000000003
0x000000000272f8e0:   00000000564d68c0 0000000070cd7970
0x000000000272f8f0:   00000000a041897c 0000000070cffcc7
0x000000000272f900:   00000000564d68c0 0000000070cfe3a3
0x000000000272f910:   00000000a051e065 00000000a051e065
0x000000000272f920:   00000000a051e7c4 0000000070cffcc7 

Instructions: (pc=0x0000000070fe27c6)
0x0000000070fe27a6:   48 8b 52 08 48 8b cb e8 fe 8f cb ff 48 63 e8 41
0x0000000070fe27b6:   0f b6 c5 f6 d0 a8 01 49 8b c5 74 06 48 83 e0 fd
0x0000000070fe27c6:   8b 00 48 c1 e8 03 83 e0 0f 3b 05 63 c9 3f 00 0f
0x0000000070fe27d6:   83 11 01 00 00 48 8b d5 48 8b ce e8 fa f9 ff ff 


Register to memory mapping:

RAX=0xfaf26d8800000000 is an unknown value
RBX=0x00000000faf26cc8 is an unknown value
RCX=0x00000000faf26cc8 is an unknown value
RDX=0x00000000faf26bd8 is an oop
java.util.LinkedHashMap$Entry 
 - klass: 'java/util/LinkedHashMap$Entry'
RSP=0x000000000272f830 is an unknown value
RBP=0x0000000002b6f484 is at code_begin+356 in an AdapterHandler
Adapter for signature: 0x0000000002b6f484 is at code_begin+356 in 
[CodeBlob (0x0000000002b6f2d0)]
Framesize: 0
BufferBlob (0x0000000002b6f2d0) used for I2C/C2I adapters
RSI=0x00000000564d68c0 is an unknown value
RDI=0x00000000a051ea30 is an oop
java.lang.ThreadLocal$ThreadLocalMap$Entry 
 - klass: 'java/lang/ThreadLocal$ThreadLocalMap$Entry'
R8 =0x0000000002b6f484 is at code_begin+356 in an AdapterHandler
Adapter for signature: 0x0000000002b6f484 is at code_begin+356 in 
[CodeBlob (0x0000000002b6f2d0)]
Framesize: 0
BufferBlob (0x0000000002b6f2d0) used for I2C/C2I adapters
R9 =0x00000000faf26bd8 is an oop
java.util.LinkedHashMap$Entry 
 - klass: 'java/util/LinkedHashMap$Entry'
R10=0x0000000000000008 is an unknown value
R11=0x00000000f7496338 is an unknown value
R12=0x0000000011d628ef is an unknown value
R13=0xfaf26d8800000000 is an unknown value
R14=0x0000000000000000 is an unknown value
R15=0x0000000002439880 is an unknown value


Stack: [0x0000000002630000,0x0000000002730000],  sp=0x000000000272f830,  free space=1022k
Native frames: (J=compiled Java code, j=interpreted, Vv=VM code, C=native code)
V  [jvm.dll+0x3d27c6]
V  [jvm.dll+0x3d2b20]
V  [jvm.dll+0x3d36c5]
V  [jvm.dll+0x3c300f]
V  [jvm.dll+0x3d56a2]
V  [jvm.dll+0x3c482e]
V  [jvm.dll+0x27276a]
C  [msvcr100.dll+0x21d9f]
C  [msvcr100.dll+0x21e3b]
C  [kernel32.dll+0x1570d]
C  [ntdll.dll+0x5385d]


---------------  P R O C E S S  ---------------

Java Threads: ( => current thread )
  0x000000005cb48800 JavaThread "Cache worker for Java compile cache (C:\Users\Joshua\AndroidStudioProjects\proto\.gradle\4.1\javaCompile)" [_thread_blocked, id=2012, stack(0x0000000064420000,0x0000000064520000)]
  0x000000005cb45000 JavaThread "Task worker for ':' Thread 3" [_thread_blocked, id=3068, stack(0x0000000064290000,0x0000000064390000)]
  0x000000005cb48000 JavaThread "Task worker for ':' Thread 2" [_thread_blocked, id=3196, stack(0x0000000061eb0000,0x0000000061fb0000)]
  0x000000005cb46800 JavaThread "Task worker for ':'" [_thread_blocked, id=4644, stack(0x0000000060650000,0x0000000060750000)]
  0x000000005cb47000 JavaThread "Cache worker for task history cache (C:\Users\Joshua\AndroidStudioProjects\proto\.gradle\4.1\taskHistory)" [_thread_blocked, id=5480, stack(0x0000000062be0000,0x0000000062ce0000)]
  0x000000005884b000 JavaThread "Cache worker for file content cache (C:\Users\Joshua\AndroidStudioProjects\proto\.gradle\4.1\fileContent)" [_thread_blocked, id=4132, stack(0x0000000062670000,0x0000000062770000)]
  0x0000000058847000 JavaThread "build operations Thread 4" [_thread_blocked, id=4476, stack(0x0000000062540000,0x0000000062640000)]
  0x0000000058848800 JavaThread "build operations Thread 3" [_thread_blocked, id=1144, stack(0x0000000062200000,0x0000000062300000)]
  0x000000005884e000 JavaThread "build operations Thread 2" [_thread_blocked, id=4872, stack(0x000000005c480000,0x000000005c580000)]
  0x000000005884f800 JavaThread "build operations" [_thread_blocked, id=4736, stack(0x00000000604f0000,0x00000000605f0000)]
  0x000000005884d000 JavaThread "Cache worker for Artifact transforms cache (C:\Users\Joshua\.gradle\caches\transforms-1)" [_thread_blocked, id=5308, stack(0x000000005b9d0000,0x000000005bad0000)]
  0x000000005884c800 JavaThread "Cache worker for file hash cache (C:\Users\Joshua\AndroidStudioProjects\proto\.gradle\4.1\fileHashes)" [_thread_blocked, id=3304, stack(0x0000000060340000,0x0000000060440000)]
  0x0000000058848000 JavaThread "Stdin handler" [_thread_blocked, id=5512, stack(0x000000005b3a0000,0x000000005b4a0000)]
  0x0000000058849800 JavaThread "Asynchronous log dispatcher for DefaultDaemonConnection: socket connection from /127.0.0.1:52433 to /127.0.0.1:52625" [_thread_blocked, id=4940, stack(0x000000005eb30000,0x000000005ec30000)]
  0x0000000058844000 JavaThread "Daemon worker Thread 9" [_thread_blocked, id=3024, stack(0x000000005bde0000,0x000000005bee0000)]
  0x0000000058846800 JavaThread "Cancel handler" [_thread_blocked, id=1076, stack(0x000000005bc70000,0x000000005bd70000)]
  0x0000000058841000 JavaThread "Handler for socket connection from /127.0.0.1:52433 to /127.0.0.1:52625" [_thread_in_native, id=3840, stack(0x000000005baf0000,0x000000005bbf0000)]
  0x0000000058842000 JavaThread "Daemon Thread 9" [_thread_blocked, id=5188, stack(0x000000005b630000,0x000000005b730000)]
  0x000000005884a000 JavaThread "Memory manager" [_thread_blocked, id=5600, stack(0x0000000060c30000,0x0000000060d30000)]
  0x0000000058843800 JavaThread "File lock request listener" [_thread_in_native, id=980, stack(0x000000005c370000,0x000000005c470000)]
  0x0000000058842800 JavaThread "Cache worker for file hash cache (C:\Users\Joshua\.gradle\caches\4.1\fileHashes)" [_thread_blocked, id=2988, stack(0x000000005bfb0000,0x000000005c0b0000)]
  0x0000000059aeb000 JavaThread "Daemon periodic checks" [_thread_blocked, id=2192, stack(0x000000005b4b0000,0x000000005b5b0000)]
  0x00000000594c1800 JavaThread "Incoming local TCP Connector on port 52433" [_thread_in_native, id=5768, stack(0x0000000058510000,0x0000000058610000)]
  0x0000000057f1e000 JavaThread "Service Thread" daemon [_thread_blocked, id=6044, stack(0x0000000058620000,0x0000000058720000)]
  0x0000000057eba000 JavaThread "C1 CompilerThread2" daemon [_thread_blocked, id=4684, stack(0x0000000058370000,0x0000000058470000)]
  0x0000000057eb2000 JavaThread "C2 CompilerThread1" daemon [_thread_blocked, id=4032, stack(0x0000000057a80000,0x0000000057b80000)]
  0x0000000056546800 JavaThread "C2 CompilerThread0" daemon [_thread_in_native, id=3372, stack(0x0000000057da0000,0x0000000057ea0000)]
  0x0000000056545000 JavaThread "Attach Listener" daemon [_thread_blocked, id=5744, stack(0x0000000057be0000,0x0000000057ce0000)]
  0x0000000056544000 JavaThread "Signal Dispatcher" daemon [_thread_blocked, id=6132, stack(0x0000000057970000,0x0000000057a70000)]
  0x000000005652a800 JavaThread "Finalizer" daemon [_thread_blocked, id=5980, stack(0x00000000574c0000,0x00000000575c0000)]
  0x0000000056523000 JavaThread "Reference Handler" daemon [_thread_blocked, id=3592, stack(0x00000000577a0000,0x00000000578a0000)]
  0x000000000255e000 JavaThread "main" [_thread_blocked, id=3964, stack(0x00000000028a0000,0x00000000029a0000)]

Other Threads:
  0x00000000564d9800 VMThread [stack: 0x0000000057600000,0x0000000057700000] [id=5360]
  0x0000000057f1f000 WatcherThread [stack: 0x0000000058740000,0x0000000058840000] [id=3036]

=>0x000000000243b800 (exited) GCTaskThread [stack: 0x0000000002630000,0x0000000002730000] [id=5636]

VM state:at safepoint (normal execution)

VM Mutex/Monitor currently owned by a thread:  ([mutex/lock_event])
[0x000000000255c880] Threads_lock - owner thread: 0x00000000564d9800
[0x000000000255cd80] Heap_lock - owner thread: 0x000000005cb48000

heap address: 0x00000000a0000000, size: 1536 MB, Compressed Oops mode: 32-bit
Narrow klass base: 0x0000000000000000, Narrow klass shift: 0
Compressed class space size: 1073741824 Address: 0x0000000015b50000

Heap:
 PSYoungGen      total 411136K, used 396480K [0x00000000e0000000, 0x00000000fcb80000, 0x0000000100000000)
  eden space 366080K, 100% used [0x00000000e0000000,0x00000000f6580000,0x00000000f6580000)
  from space 45056K, 67% used [0x00000000f9f80000,0x00000000fbd301c0,0x00000000fcb80000)
  to   space 52224K, 71% used [0x00000000f6580000,0x00000000f8a092f8,0x00000000f9880000)
 ParOldGen       total 137216K, used 91567K [0x00000000a0000000, 0x00000000a8600000, 0x00000000e0000000)
  object space 137216K, 66% used [0x00000000a0000000,0x00000000a596bc40,0x00000000a8600000)
 Metaspace       used 72435K, capacity 76179K, committed 76504K, reserved 1116160K
  class space    used 9107K, capacity 9873K, committed 9984K, reserved 1048576K

Card table byte_map: [0x0000000011d60000,0x0000000012070000] byte_map_base: 0x0000000011860000

Marking Bits: (ParMarkBitMap*) 0x00000000713df030
 Begin Bits: [0x0000000012850000, 0x0000000014050000)
 End Bits:   [0x0000000014050000, 0x0000000015850000)

Polling page: 0x0000000000140000

CodeCache: size=245760Kb used=50869Kb max_used=51504Kb free=194890Kb
 bounds [0x00000000029a0000, 0x0000000005c80000, 0x00000000119a0000]
 total_blobs=15445 nmethods=14611 adapters=747
 compilation: enabled

Compilation events (10 events):
Event: 1917.487 Thread 0x0000000057eba000 18748       2       com.sun.tools.javac.comp.Flow$AssignAnalyzer::visitBlock (19 bytes)
Event: 1917.487 Thread 0x0000000057eba000 nmethod 18748 0x0000000004f9d2d0 code [0x0000000004f9d440, 0x0000000004f9d5c8]
Event: 1917.487 Thread 0x0000000057eba000 18749       3       com.sun.tools.javac.util.Bits::internalAndSet (64 bytes)
Event: 1917.488 Thread 0x0000000057eba000 nmethod 18749 0x0000000004eda8d0 code [0x0000000004edaaa0, 0x0000000004edb238]
Event: 1917.500 Thread 0x0000000057eba000 18751       3       com.sun.tools.javac.tree.TreeMaker::MethodDef (11 bytes)
Event: 1917.500 Thread 0x0000000057eba000 nmethod 18751 0x0000000004a1c650 code [0x0000000004a1c7c0, 0x0000000004a1c948]
Event: 1917.500 Thread 0x0000000057eba000 18752       3       com.sun.tools.javac.jvm.ClassWriter$StackMapTableFrame::compare (69 bytes)
Event: 1917.501 Thread 0x0000000057eba000 nmethod 18752 0x0000000002d84f50 code [0x0000000002d850e0, 0x0000000002d854a8]
Event: 1917.501 Thread 0x0000000057eba000 18753       3       com.sun.tools.javac.jvm.Target::useEnumFlag (16 bytes)
Event: 1917.502 Thread 0x0000000057eba000 nmethod 18753 0x000000000420f490 code [0x000000000420f600, 0x000000000420f868]

GC Heap History (10 events):
Event: 610.841 GC heap after
Heap after GC invocations=21 (full 3):
 PSYoungGen      total 336384K, used 15703K [0x00000000e0000000, 0x00000000f7f80000, 0x0000000100000000)
  eden space 297472K, 0% used [0x00000000e0000000,0x00000000e0000000,0x00000000f2280000)
  from space 38912K, 40% used [0x00000000f5980000,0x00000000f68d5c50,0x00000000f7f80000)
  to   space 47616K, 0% used [0x00000000f2280000,0x00000000f2280000,0x00000000f5100000)
 ParOldGen       total 137216K, used 91535K [0x00000000a0000000, 0x00000000a8600000, 0x00000000e0000000)
  object space 137216K, 66% used [0x00000000a0000000,0x00000000a5963c40,0x00000000a8600000)
 Metaspace       used 70551K, capacity 73671K, committed 73944K, reserved 1114112K
  class space    used 8980K, capacity 9649K, committed 9728K, reserved 1048576K
}
Event: 643.869 GC heap before
{Heap before GC invocations=22 (full 3):
 PSYoungGen      total 336384K, used 313175K [0x00000000e0000000, 0x00000000f7f80000, 0x0000000100000000)
  eden space 297472K, 100% used [0x00000000e0000000,0x00000000f2280000,0x00000000f2280000)
  from space 38912K, 40% used [0x00000000f5980000,0x00000000f68d5c50,0x00000000f7f80000)
  to   space 47616K, 0% used [0x00000000f2280000,0x00000000f2280000,0x00000000f5100000)
 ParOldGen       total 137216K, used 91535K [0x00000000a0000000, 0x00000000a8600000, 0x00000000e0000000)
  object space 137216K, 66% used [0x00000000a0000000,0x00000000a5963c40,0x00000000a8600000)
 Metaspace       used 71310K, capacity 74905K, committed 75096K, reserved 1114112K
  class space    used 9068K, capacity 9810K, committed 9856K, reserved 1048576K
Event: 644.010 GC heap after
Heap after GC invocations=22 (full 3):
 PSYoungGen      total 345088K, used 30313K [0x00000000e0000000, 0x00000000fa600000, 0x0000000100000000)
  eden space 297472K, 0% used [0x00000000e0000000,0x00000000e0000000,0x00000000f2280000)
  from space 47616K, 63% used [0x00000000f2280000,0x00000000f401a740,0x00000000f5100000)
  to   space 48640K, 0% used [0x00000000f7680000,0x00000000f7680000,0x00000000fa600000)
 ParOldGen       total 137216K, used 91543K [0x00000000a0000000, 0x00000000a8600000, 0x00000000e0000000)
  object space 137216K, 66% used [0x00000000a0000000,0x00000000a5965c40,0x00000000a8600000)
 Metaspace       used 71310K, capacity 74905K, committed 75096K, reserved 1114112K
  class space    used 9068K, capacity 9810K, committed 9856K, reserved 1048576K
}
Event: 646.506 GC heap before
{Heap before GC invocations=23 (full 3):
 PSYoungGen      total 345088K, used 327772K [0x00000000e0000000, 0x00000000fa600000, 0x0000000100000000)
  eden space 297472K, 99% used [0x00000000e0000000,0x00000000f227c8c8,0x00000000f2280000)
  from space 47616K, 63% used [0x00000000f2280000,0x00000000f401a740,0x00000000f5100000)
  to   space 48640K, 0% used [0x00000000f7680000,0x00000000f7680000,0x00000000fa600000)
 ParOldGen       total 137216K, used 91543K [0x00000000a0000000, 0x00000000a8600000, 0x00000000e0000000)
  object space 137216K, 66% used [0x00000000a0000000,0x00000000a5965c40,0x00000000a8600000)
 Metaspace       used 71496K, capacity 75167K, committed 75352K, reserved 1114112K
  class space    used 9069K, capacity 9811K, committed 9856K, reserved 1048576K
Event: 646.557 GC heap after
Heap after GC invocations=23 (full 3):
 PSYoungGen      total 384000K, used 25517K [0x00000000e0000000, 0x00000000fa500000, 0x0000000100000000)
  eden space 336384K, 0% used [0x00000000e0000000,0x00000000e0000000,0x00000000f4880000)
  from space 47616K, 53% used [0x00000000f7680000,0x00000000f8f6b570,0x00000000fa500000)
  to   space 47104K, 0% used [0x00000000f4880000,0x00000000f4880000,0x00000000f7680000)
 ParOldGen       total 137216K, used 91551K [0x00000000a0000000, 0x00000000a8600000, 0x00000000e0000000)
  object space 137216K, 66% used [0x00000000a0000000,0x00000000a5967c40,0x00000000a8600000)
 Metaspace       used 71496K, capacity 75167K, committed 75352K, reserved 1114112K
  class space    used 9069K, capacity 9811K, committed 9856K, reserved 1048576K
}
Event: 1200.987 GC heap before
{Heap before GC invocations=24 (full 3):
 PSYoungGen      total 384000K, used 361479K [0x00000000e0000000, 0x00000000fa500000, 0x0000000100000000)
  eden space 336384K, 99% used [0x00000000e0000000,0x00000000f48167b0,0x00000000f4880000)
  from space 47616K, 53% used [0x00000000f7680000,0x00000000f8f6b570,0x00000000fa500000)
  to   space 47104K, 0% used [0x00000000f4880000,0x00000000f4880000,0x00000000f7680000)
 ParOldGen       total 137216K, used 91551K [0x00000000a0000000, 0x00000000a8600000, 0x00000000e0000000)
  object space 137216K, 66% used [0x00000000a0000000,0x00000000a5967c40,0x00000000a8600000)
 Metaspace       used 71932K, capacity 75547K, committed 75608K, reserved 1116160K
  class space    used 9079K, capacity 9821K, committed 9856K, reserved 1048576K
Event: 1201.050 GC heap after
Heap after GC invocations=24 (full 3):
 PSYoungGen      total 383488K, used 44103K [0x00000000e0000000, 0x00000000fd300000, 0x0000000100000000)
  eden space 336384K, 0% used [0x00000000e0000000,0x00000000e0000000,0x00000000f4880000)
  from space 47104K, 93% used [0x00000000f4880000,0x00000000f7391de0,0x00000000f7680000)
  to   space 52736K, 0% used [0x00000000f9f80000,0x00000000f9f80000,0x00000000fd300000)
 ParOldGen       total 137216K, used 91559K [0x00000000a0000000, 0x00000000a8600000, 0x00000000e0000000)
  object space 137216K, 66% used [0x00000000a0000000,0x00000000a5969c40,0x00000000a8600000)
 Metaspace       used 71932K, capacity 75547K, committed 75608K, reserved 1116160K
  class space    used 9079K, capacity 9821K, committed 9856K, reserved 1048576K
}
Event: 1299.309 GC heap before
{Heap before GC invocations=25 (full 3):
 PSYoungGen      total 383488K, used 379340K [0x00000000e0000000, 0x00000000fd300000, 0x0000000100000000)
  eden space 336384K, 99% used [0x00000000e0000000,0x00000000f4761420,0x00000000f4880000)
  from space 47104K, 93% used [0x00000000f4880000,0x00000000f7391de0,0x00000000f7680000)
  to   space 52736K, 0% used [0x00000000f9f80000,0x00000000f9f80000,0x00000000fd300000)
 ParOldGen       total 137216K, used 91559K [0x00000000a0000000, 0x00000000a8600000, 0x00000000e0000000)
  object space 137216K, 66% used [0x00000000a0000000,0x00000000a5969c40,0x00000000a8600000)
 Metaspace       used 72202K, capacity 75851K, committed 76120K, reserved 1116160K
  class space    used 9083K, capacity 9829K, committed 9856K, reserved 1048576K
Event: 1299.363 GC heap after
Heap after GC invocations=25 (full 3):
 PSYoungGen      total 411136K, used 30400K [0x00000000e0000000, 0x00000000fcb80000, 0x0000000100000000)
  eden space 366080K, 0% used [0x00000000e0000000,0x00000000e0000000,0x00000000f6580000)
  from space 45056K, 67% used [0x00000000f9f80000,0x00000000fbd301c0,0x00000000fcb80000)
  to   space 52224K, 0% used [0x00000000f6580000,0x00000000f6580000,0x00000000f9880000)
 ParOldGen       total 137216K, used 91567K [0x00000000a0000000, 0x00000000a8600000, 0x00000000e0000000)
  object space 137216K, 66% used [0x00000000a0000000,0x00000000a596bc40,0x00000000a8600000)
 Metaspace       used 72202K, capacity 75851K, committed 76120K, reserved 1116160K
  class space    used 9083K, capacity 9829K, committed 9856K, reserved 1048576K
}
Event: 1917.545 GC heap before
{Heap before GC invocations=26 (full 3):
 PSYoungGen      total 411136K, used 396480K [0x00000000e0000000, 0x00000000fcb80000, 0x0000000100000000)
  eden space 366080K, 100% used [0x00000000e0000000,0x00000000f6580000,0x00000000f6580000)
  from space 45056K, 67% used [0x00000000f9f80000,0x00000000fbd301c0,0x00000000fcb80000)
  to   space 52224K, 0% used [0x00000000f6580000,0x00000000f6580000,0x00000000f9880000)
 ParOldGen       total 137216K, used 91567K [0x00000000a0000000, 0x00000000a8600000, 0x00000000e0000000)
  object space 137216K, 66% used [0x00000000a0000000,0x00000000a596bc40,0x00000000a8600000)
 Metaspace       used 72435K, capacity 76179K, committed 76504K, reserved 1116160K
  class space    used 9107K, capacity 9873K, committed 9984K, reserved 1048576K

Deoptimization events (10 events):
Event: 1200.614 Thread 0x000000005cb46800 Uncommon trap: reason=speculate_class_check action=maybe_recompile pc=0x0000000005871560 method=com.android.dx.util.FixedSizeList.equals(Ljava/lang/Object;)Z @ 25
Event: 1200.614 Thread 0x000000005cb46800 Uncommon trap: reason=speculate_class_check action=maybe_recompile pc=0x0000000005871560 method=com.android.dx.util.FixedSizeList.equals(Ljava/lang/Object;)Z @ 25
Event: 1200.614 Thread 0x000000005cb46800 Uncommon trap: reason=speculate_class_check action=maybe_recompile pc=0x0000000005871560 method=com.android.dx.util.FixedSizeList.equals(Ljava/lang/Object;)Z @ 25
Event: 1200.614 Thread 0x000000005cb46800 Uncommon trap: reason=speculate_class_check action=maybe_recompile pc=0x0000000005871560 method=com.android.dx.util.FixedSizeList.equals(Ljava/lang/Object;)Z @ 25
Event: 1200.642 Thread 0x000000005cb46800 Uncommon trap: reason=class_check action=maybe_recompile pc=0x000000000487ae9c method=java.io.BufferedOutputStream.write([BII)V @ 20
Event: 1297.383 Thread 0x000000005884f800 Uncommon trap: reason=unstable_if action=reinterpret pc=0x0000000003e740bc method=java.util.concurrent.locks.LockSupport.unpark(Ljava/lang/Thread;)V @ 1
Event: 1299.021 Thread 0x0000000058841000 Uncommon trap: reason=array_check action=maybe_recompile pc=0x0000000005a0e884 method=java.util.TimSort.reverseRange([Ljava/lang/Object;II)V @ 27
Event: 1299.254 Thread 0x0000000058ff9800 Uncommon trap: reason=class_check action=maybe_recompile pc=0x000000000487ae9c method=java.io.BufferedOutputStream.write([BII)V @ 20
Event: 1300.033 Thread 0x000000005cb4b000 Uncommon trap: reason=array_check action=maybe_recompile pc=0x0000000005a0e884 method=java.util.TimSort.reverseRange([Ljava/lang/Object;II)V @ 27
Event: 1917.015 Thread 0x000000005cb48000 Uncommon trap: reason=class_check action=maybe_recompile pc=0x0000000004ab9448 method=org.gradle.api.internal.changedetection.state.AbstractNormalizedFileSnapshot.compareTo(Ljava/lang/Object;)I @ 2

Classes redefined (0 events):
No events

Internal exceptions (10 events):
Event: 1916.320 Thread 0x0000000058844000 Exception <a 'sun/nio/fs/WindowsException'> (0x00000000f1b72140) thrown at [C:\src\AOSP-openjdk-git\hotspot\src\share\vm\prims\jni.cpp, line 710]
Event: 1916.320 Thread 0x0000000058844000 Exception <a 'sun/nio/fs/WindowsException'> (0x00000000f1b72958) thrown at [C:\src\AOSP-openjdk-git\hotspot\src\share\vm\prims\jni.cpp, line 710]
Event: 1916.320 Thread 0x0000000058844000 Exception <a 'sun/nio/fs/WindowsException'> (0x00000000f1b750e8) thrown at [C:\src\AOSP-openjdk-git\hotspot\src\share\vm\prims\jni.cpp, line 710]
Event: 1916.320 Thread 0x0000000058844000 Exception <a 'sun/nio/fs/WindowsException'> (0x00000000f1b75920) thrown at [C:\src\AOSP-openjdk-git\hotspot\src\share\vm\prims\jni.cpp, line 710]
Event: 1916.320 Thread 0x0000000058844000 Exception <a 'sun/nio/fs/WindowsException'> (0x00000000f1b77538) thrown at [C:\src\AOSP-openjdk-git\hotspot\src\share\vm\prims\jni.cpp, line 710]
Event: 1916.321 Thread 0x0000000058844000 Exception <a 'sun/nio/fs/WindowsException'> (0x00000000f1b77d50) thrown at [C:\src\AOSP-openjdk-git\hotspot\src\share\vm\prims\jni.cpp, line 710]
Event: 1916.321 Thread 0x0000000058844000 Exception <a 'sun/nio/fs/WindowsException'> (0x00000000f1b7a660) thrown at [C:\src\AOSP-openjdk-git\hotspot\src\share\vm\prims\jni.cpp, line 710]
Event: 1916.321 Thread 0x0000000058844000 Exception <a 'sun/nio/fs/WindowsException'> (0x00000000f1b7ae78) thrown at [C:\src\AOSP-openjdk-git\hotspot\src\share\vm\prims\jni.cpp, line 710]
Event: 1916.321 Thread 0x0000000058844000 Exception <a 'sun/nio/fs/WindowsException'> (0x00000000f1b7cb08) thrown at [C:\src\AOSP-openjdk-git\hotspot\src\share\vm\prims\jni.cpp, line 710]
Event: 1916.321 Thread 0x0000000058844000 Exception <a 'sun/nio/fs/WindowsException'> (0x00000000f1b7d320) thrown at [C:\src\AOSP-openjdk-git\hotspot\src\share\vm\prims\jni.cpp, line 710]

Events (10 events):
Event: 1917.166 Thread 0x0000000057eba000 flushing nmethod 0x0000000005819990
Event: 1917.167 Thread 0x0000000057eba000 flushing nmethod 0x00000000058a6150
Event: 1917.167 Thread 0x0000000057eba000 flushing nmethod 0x00000000058a7690
Event: 1917.168 Thread 0x0000000057eba000 flushing nmethod 0x0000000005a2ba50
Event: 1917.168 Thread 0x0000000057eba000 flushing nmethod 0x0000000005a2c210
Event: 1917.168 Thread 0x0000000057eba000 flushing nmethod 0x0000000005a4c0d0
Event: 1917.168 Thread 0x0000000057eba000 flushing nmethod 0x0000000005a86950
Event: 1917.487 Thread 0x000000005cb48000 DEOPT PACKING pc=0x0000000002c7a19a sp=0x0000000061fac190
Event: 1917.487 Thread 0x000000005cb48000 DEOPT UNPACKING pc=0x00000000029e71d0 sp=0x0000000061fabeb0 mode 0
Event: 1917.545 Executing VM operation: ParallelGCFailedAllocation


Dynamic libraries:
0x000000013f570000 - 0x000000013f5a1000 	C:\Program Files\Android\Android Studio\jre\bin\java.exe
0x0000000077c00000 - 0x0000000077d9f000 	C:\Windows\SYSTEM32\ntdll.dll
0x0000000077ae0000 - 0x0000000077bff000 	C:\Windows\system32\kernel32.dll
0x000007fefdc20000 - 0x000007fefdc8a000 	C:\Windows\system32\KERNELBASE.dll
0x000007fefeed0000 - 0x000007fefefab000 	C:\Windows\system32\ADVAPI32.dll
0x000007fefdea0000 - 0x000007fefdf3f000 	C:\Windows\system32\msvcrt.dll
0x000007fefe5d0000 - 0x000007fefe5ef000 	C:\Windows\SYSTEM32\sechost.dll
0x000007fefdd70000 - 0x000007fefde9c000 	C:\Windows\system32\RPCRT4.dll
0x00000000779e0000 - 0x0000000077ada000 	C:\Windows\system32\USER32.dll
0x000007fefe9c0000 - 0x000007fefea27000 	C:\Windows\system32\GDI32.dll
0x000007fefece0000 - 0x000007fefecee000 	C:\Windows\system32\LPK.dll
0x000007fefdca0000 - 0x000007fefdd6b000 	C:\Windows\system32\USP10.dll
0x000007fefd0e0000 - 0x000007fefd2d4000 	C:\Windows\WinSxS\amd64_microsoft.windows.common-controls_6595b64144ccf1df_6.0.7601.18837_none_fa3b1e3d17594757\COMCTL32.dll
0x000007fefe550000 - 0x000007fefe5c1000 	C:\Windows\system32\SHLWAPI.dll
0x000007fefe520000 - 0x000007fefe54e000 	C:\Windows\system32\IMM32.DLL
0x000007feffd40000 - 0x000007feffe49000 	C:\Windows\system32\MSCTF.dll
0x000007fefd810000 - 0x000007fefd840000 	C:\Windows\system32\nvinitx.dll
0x000007fefd800000 - 0x000007fefd80c000 	C:\Windows\system32\VERSION.dll
0x00000000736e0000 - 0x00000000736e6000 	C:\Program Files\NVIDIA Corporation\CoProcManager\detoured.dll
0x000007fefc7b0000 - 0x000007fefc7e8000 	C:\Program Files\NVIDIA Corporation\CoProcManager\nvd3d9wrapx.dll
0x000007fefecf0000 - 0x000007fefeec7000 	C:\Windows\system32\SETUPAPI.dll
0x000007fefdbc0000 - 0x000007fefdbf6000 	C:\Windows\system32\CFGMGR32.dll
0x000007fefdf60000 - 0x000007fefe03a000 	C:\Windows\system32\OLEAUT32.dll
0x000007fefeae0000 - 0x000007fefecdc000 	C:\Windows\system32\ole32.dll
0x000007fefd8f0000 - 0x000007fefd90a000 	C:\Windows\system32\DEVOBJ.dll
0x000007fefc780000 - 0x000007fefc7a4000 	C:\Program Files\NVIDIA Corporation\CoProcManager\nvdxgiwrapx.dll
0x0000000074900000 - 0x00000000749d2000 	C:\Program Files\Android\Android Studio\jre\jre\bin\msvcr100.dll
0x0000000070c10000 - 0x000000007145b000 	C:\Program Files\Android\Android Studio\jre\jre\bin\server\jvm.dll
0x000007fefb1a0000 - 0x000007fefb1a9000 	C:\Windows\system32\WSOCK32.dll
0x000007fefea90000 - 0x000007fefeadd000 	C:\Windows\system32\WS2_32.dll
0x000007fefdc90000 - 0x000007fefdc98000 	C:\Windows\system32\NSI.dll
0x000007fefc3f0000 - 0x000007fefc42b000 	C:\Windows\system32\WINMM.dll
0x0000000077db0000 - 0x0000000077db7000 	C:\Windows\system32\PSAPI.DLL
0x000007fefb250000 - 0x000007fefb25f000 	C:\Program Files\Android\Android Studio\jre\jre\bin\verify.dll
0x000007fef2980000 - 0x000007fef29a9000 	C:\Program Files\Android\Android Studio\jre\jre\bin\java.dll
0x000007fef29c0000 - 0x000007fef29d6000 	C:\Program Files\Android\Android Studio\jre\jre\bin\zip.dll
0x000007fefefb0000 - 0x000007feffd3a000 	C:\Windows\system32\SHELL32.dll
0x000007fefd8e0000 - 0x000007fefd8ef000 	C:\Windows\system32\profapi.dll
0x000007fef76d0000 - 0x000007fef76ea000 	C:\Program Files\Android\Android Studio\jre\jre\bin\net.dll
0x000007fefcd10000 - 0x000007fefcd65000 	C:\Windows\system32\mswsock.dll
0x000007fefcd00000 - 0x000007fefcd07000 	C:\Windows\System32\wship6.dll
0x000007fef28a0000 - 0x000007fef28b3000 	C:\Program Files\Android\Android Studio\jre\jre\bin\nio.dll
0x000007feecd90000 - 0x000007feecdae000 	C:\Users\Joshua\.gradle\native\25\windows-amd64\native-platform.dll
0x000007fefb130000 - 0x000007fefb13d000 	C:\Program Files\Android\Android Studio\jre\jre\bin\management.dll
0x000007fefcd90000 - 0x000007fefcda8000 	C:\Windows\system32\CRYPTSP.dll
0x000007fefca70000 - 0x000007fefcab7000 	C:\Windows\system32\rsaenh.dll
0x000007fefda30000 - 0x000007fefda4e000 	C:\Windows\system32\USERENV.dll
0x000007fefd730000 - 0x000007fefd73f000 	C:\Windows\system32\CRYPTBASE.dll
0x000007fefadd0000 - 0x000007fefadf7000 	C:\Windows\system32\IPHLPAPI.DLL
0x000007fefadb0000 - 0x000007fefadbb000 	C:\Windows\system32\WINNSI.DLL
0x000007fefabc0000 - 0x000007fefabd1000 	C:\Windows\system32\dhcpcsvc6.DLL
0x000007fefac40000 - 0x000007fefac58000 	C:\Windows\system32\dhcpcsvc.DLL
0x000007fef1460000 - 0x000007fef1585000 	C:\Windows\system32\dbghelp.dll

VM Arguments:
jvm_args: -Xmx1536m -Dfile.encoding=windows-1252 -Duser.country=US -Duser.language=en -Duser.variant 
java_command: org.gradle.launcher.daemon.bootstrap.GradleDaemon 4.1
java_class_path (initial): C:\Users\Joshua\.gradle\wrapper\dists\gradle-4.1-all\bzyivzo6n839fup2jbap0tjew\gradle-4.1\lib\gradle-launcher-4.1.jar
Launcher Type: SUN_STANDARD

Environment Variables:
PATH=C:\Windows\system32;C:\Windows;C:\Windows\System32\Wbem;C:\Windows\System32\WindowsPowerShell\v1.0\;C:\Program Files\dotnet\;C:\Users\Joshua\.dotnet\tools
USERNAME=Joshua
OS=Windows_NT
PROCESSOR_IDENTIFIER=Intel64 Family 6 Model 37 Stepping 5, GenuineIntel



---------------  S Y S T E M  ---------------

OS: Windows 7 , 64 bit Build 7601 (6.1.7601.24384)

CPU:total 4 (initial active 4) (2 cores per cpu, 2 threads per core) family 6 model 37 stepping 5, cmov, cx8, fxsr, mmx, sse, sse2, sse3, ssse3, sse4.1, sse4.2, popcnt, ht, tsc, tscinvbit

Memory: 4k page, physical 8051412k(1124560k free), swap 16100920k(7027256k free)

vm_info: OpenJDK 64-Bit Server VM (25.242-b01) for windows-amd64 JRE (1.8.0_242-release-1644-b01), built by "builder" with MS VC++ 10.0 (VS2010)

time: Thu Dec 03 08:20:27 2020
timezone: Eastern Standard Time
elapsed time: 1917 seconds (0d 0h 31m 57s)

