#
# A fatal error has been detected by the Java Runtime Environment:
#
#  EXCEPTION_ACCESS_VIOLATION (0xc0000005) at pc=0x000000007435c0e6, pid=5740, tid=0x0000000000001084
#
# JRE version: OpenJDK Runtime Environment (8.0_152-b01) (build 1.8.0_152-release-915-b01)
# Java VM: OpenJDK 64-Bit Server VM (25.152-b01 mixed mode windows-amd64 compressed oops)
# Problematic frame:
# V  [jvm.dll+0x3cc0e6]
#
# Failed to write core dump. Minidumps are not enabled by default on client versions of Windows
#
# If you would like to submit a bug report, please visit:
#   http://bugreport.java.com/bugreport/crash.jsp
#

---------------  T H R E A D  ---------------

Current thread (0x000000000243b800):  GCTaskThread [stack: 0x0000000002660000,0x0000000002760000] [id=4228]

siginfo: ExceptionCode=0xc0000005, reading address 0xffffffffffffffff

Registers:
RAX=0xee936cc015b971e0, RBX=0x00000000ee936cc0, RCX=0x00000000ee936cc0, RDX=0x00000000a01ee1b8
RSP=0x000000000275f730, RBP=0x0000000002b717c6, RSI=0x0000000056276140, RDI=0x00000000a055bc08
R8 =0x0000000002b717c6, R9 =0x00000000a01ee1b8, R10=0x0000000000000008, R11=0x00000000ef1f0010
R12=0x0000000011c72adb, R13=0xee936cc015b971e0, R14=0x0000000000000000, R15=0x0000000002439aa0
RIP=0x000000007435c0e6, EFLAGS=0x0000000000010282

Top of Stack: (sp=0x000000000275f730)
0x000000000275f730:   00000000ee936cb8 0000000000000003
0x000000000275f740:   0000000056276140 00000000eec0e1f8
0x000000000275f750:   00000000ef1e8020 0000000000001000
0x000000000275f760:   0000000056276140 000000007407d403
0x000000000275f770:   0000000000000000 0000000056276100
0x000000000275f780:   0000000011c72adb 000000007435c440
0x000000000275f790:   00000000ef1e933c 0000000011c72b0a
0x000000000275f7a0:   0000000056276140 00000000a055bc08
0x000000000275f7b0:   00000000ef1e933c 000000007435cfe5
0x000000000275f7c0:   00000000ee925a00 0000000011c72b0a
0x000000000275f7d0:   0000000056276140 000007fefd8e1203
0x000000000275f7e0:   000000000275f898 00000000740568da
0x000000000275f7f0:   00000000a051afb4 000000007407f330
0x000000000275f800:   00000000a051afbd 00000000a051afbd
0x000000000275f810:   00000000a035b029 00000000a035b029
0x000000000275f820:   00000000a055b9f4 000000007407f247 

Instructions: (pc=0x000000007435c0e6)
0x000000007435c0c6:   48 8b 52 08 48 8b cb e8 1e e4 cb ff 48 63 e8 41
0x000000007435c0d6:   0f b6 c5 f6 d0 a8 01 49 8b c5 74 06 48 83 e0 fd
0x000000007435c0e6:   8b 00 48 c1 e8 03 83 e0 0f 3b 05 63 79 3f 00 0f
0x000000007435c0f6:   83 11 01 00 00 48 8b d5 48 8b ce e8 3a fa ff ff 


Register to memory mapping:

RAX=0xee936cc015b971e0 is an unknown value
RBX=0x00000000ee936cc0 is an unknown value
RCX=0x00000000ee936cc0 is an unknown value
RDX=0x00000000a01ee1b8 is an oop
org.codehaus.groovy.util.ReferenceManager$1 
 - klass: 'org/codehaus/groovy/util/ReferenceManager$1'
RSP=0x000000000275f730 is an unknown value
RBP=0x0000000002b717c6 is at entry_point+15110 in (nmethod*)0x0000000002b6d850
RSI=0x0000000056276140 is an unknown value
RDI=0x00000000a055bc08 is an oop
[Ljava.lang.ThreadLocal$ThreadLocalMap$Entry; 
 - klass: 'java/lang/ThreadLocal$ThreadLocalMap$Entry'[]
 - length: 16
R8 =0x0000000002b717c6 is at entry_point+15110 in (nmethod*)0x0000000002b6d850
R9 =0x00000000a01ee1b8 is an oop
org.codehaus.groovy.util.ReferenceManager$1 
 - klass: 'org/codehaus/groovy/util/ReferenceManager$1'
R10=0x0000000000000008 is an unknown value
R11=0x00000000ef1f0010 is an oop

[error occurred during error reporting (printing register info), id 0xc0000005]

Stack: [0x0000000002660000,0x0000000002760000],  sp=0x000000000275f730,  free space=1021k
Native frames: (J=compiled Java code, j=interpreted, Vv=VM code, C=native code)
V  [jvm.dll+0x3cc0e6]
V  [jvm.dll+0x3cc440]
V  [jvm.dll+0x3ccfe5]
V  [jvm.dll+0x3bcaff]
V  [jvm.dll+0x3cefa2]
V  [jvm.dll+0x3be2ce]
V  [jvm.dll+0x26d4aa]
C  [msvcr100.dll+0x21d9f]
C  [msvcr100.dll+0x21e3b]
C  [kernel32.dll+0x159cd]
C  [ntdll.dll+0x2a561]


---------------  P R O C E S S  ---------------

Java Threads: ( => current thread )
  0x000000005f90a000 JavaThread "Cache worker for Artifact transforms cache (C:\Users\ACR411\.gradle\caches\transforms-1)" [_thread_blocked, id=7504, stack(0x0000000061350000,0x0000000061450000)]
  0x000000005d938800 JavaThread "Cache worker for file hash cache (C:\Users\ACR411\AndroidStudioProjects\proto\.gradle\4.1\fileHashes)" [_thread_blocked, id=5080, stack(0x000000005d260000,0x000000005d360000)]
  0x000000005d93b800 JavaThread "Stdin handler" [_thread_blocked, id=5668, stack(0x000000005aae0000,0x000000005abe0000)]
  0x000000005d93a800 JavaThread "Asynchronous log dispatcher for DefaultDaemonConnection: socket connection from /127.0.0.1:4978 to /127.0.0.1:5375" [_thread_blocked, id=3168, stack(0x0000000059fa0000,0x000000005a0a0000)]
  0x000000005d93c000 JavaThread "Daemon worker Thread 19" [_thread_blocked, id=4360, stack(0x000000005a490000,0x000000005a590000)]
  0x000000005d93d800 JavaThread "Cancel handler" [_thread_blocked, id=2120, stack(0x000000005a900000,0x000000005aa00000)]
  0x000000005d93d000 JavaThread "Handler for socket connection from /127.0.0.1:4978 to /127.0.0.1:5375" [_thread_in_native, id=8088, stack(0x000000005a390000,0x000000005a490000)]
  0x000000005d939000 JavaThread "Daemon Thread 19" [_thread_blocked, id=8128, stack(0x0000000057920000,0x0000000057a20000)]
  0x000000005d93e800 JavaThread "Memory manager" [_thread_blocked, id=348, stack(0x0000000061030000,0x0000000061130000)]
  0x00000000594e2800 JavaThread "File lock request listener" [_thread_in_native, id=8084, stack(0x000000005afc0000,0x000000005b0c0000)]
  0x0000000059892000 JavaThread "Cache worker for file hash cache (C:\Users\ACR411\.gradle\caches\4.1\fileHashes)" [_thread_blocked, id=7740, stack(0x000000005ad80000,0x000000005ae80000)]
  0x0000000059869000 JavaThread "Daemon periodic checks" [_thread_blocked, id=7200, stack(0x00000000582a0000,0x00000000583a0000)]
  0x0000000059875000 JavaThread "Incoming local TCP Connector on port 4978" [_thread_in_native, id=5172, stack(0x000000005a250000,0x000000005a350000)]
  0x0000000057ef1000 JavaThread "Service Thread" daemon [_thread_blocked, id=1080, stack(0x00000000583a0000,0x00000000584a0000)]
  0x00000000562ef000 JavaThread "C1 CompilerThread2" daemon [_thread_blocked, id=1400, stack(0x00000000576d0000,0x00000000577d0000)]
  0x00000000562ed800 JavaThread "C2 CompilerThread1" daemon [_thread_blocked, id=7976, stack(0x0000000057d70000,0x0000000057e70000)]
  0x00000000562e5800 JavaThread "C2 CompilerThread0" daemon [_thread_blocked, id=7344, stack(0x0000000057bc0000,0x0000000057cc0000)]
  0x00000000562e1000 JavaThread "Attach Listener" daemon [_thread_blocked, id=7920, stack(0x0000000057a20000,0x0000000057b20000)]
  0x00000000562e0000 JavaThread "Signal Dispatcher" daemon [_thread_blocked, id=3360, stack(0x00000000577d0000,0x00000000578d0000)]
  0x00000000562c8000 JavaThread "Finalizer" daemon [_thread_blocked, id=4384, stack(0x00000000574b0000,0x00000000575b0000)]
  0x0000000056280800 JavaThread "Reference Handler" daemon [_thread_blocked, id=6160, stack(0x00000000575b0000,0x00000000576b0000)]
  0x000000000015e800 JavaThread "main" [_thread_blocked, id=6292, stack(0x00000000027b0000,0x00000000028b0000)]

Other Threads:
  0x0000000056279000 VMThread [stack: 0x00000000572e0000,0x00000000573e0000] [id=5732]
  0x0000000057ef3800 WatcherThread [stack: 0x00000000584d0000,0x00000000585d0000] [id=4120]

=>0x000000000243b800 (exited) GCTaskThread [stack: 0x0000000002660000,0x0000000002760000] [id=4228]

VM state:at safepoint (normal execution)

VM Mutex/Monitor currently owned by a thread:  ([mutex/lock_event])
[0x000000000015cb00] Threads_lock - owner thread: 0x0000000056279000
[0x000000000015d000] Heap_lock - owner thread: 0x000000005d93c000

Heap:
 PSYoungGen      total 163328K, used 163282K [0x00000000e0000000, 0x00000000f0380000, 0x0000000100000000)
  eden space 153600K, 100% used [0x00000000e0000000,0x00000000e9600000,0x00000000e9600000)
  from space 9728K, 99% used [0x00000000ee600000,0x00000000eef74860,0x00000000eef80000)
  to   space 20480K, 25% used [0x00000000eef80000,0x00000000ef490020,0x00000000f0380000)
 ParOldGen       total 108544K, used 72896K [0x00000000a0000000, 0x00000000a6a00000, 0x00000000e0000000)
  object space 108544K, 67% used [0x00000000a0000000,0x00000000a4730050,0x00000000a6a00000)
 Metaspace       used 81732K, capacity 89674K, committed 89856K, reserved 1126400K
  class space    used 10459K, capacity 12229K, committed 12288K, reserved 1048576K

Card table byte_map: [0x0000000011c70000,0x0000000011f80000] byte_map_base: 0x0000000011770000

Marking Bits: (ParMarkBitMap*) 0x0000000074753950
 Begin Bits: [0x00000000125f0000, 0x0000000013df0000)
 End Bits:   [0x0000000013df0000, 0x00000000155f0000)

Polling page: 0x0000000000140000

CodeCache: size=245760Kb used=63883Kb max_used=64323Kb free=181876Kb
 bounds [0x00000000028b0000, 0x00000000067f0000, 0x00000000118b0000]
 total_blobs=18539 nmethods=17697 adapters=754
 compilation: enabled

Compilation events (10 events):
Event: 5012.310 Thread 0x00000000562ef000 23001       3       groovy.lang.MetaClassImpl::chooseMostSpecificParams (284 bytes)
Event: 5012.313 Thread 0x00000000562ef000 nmethod 23001 0x000000000614f8d0 code [0x000000000614fd60, 0x00000000061527e8]
Event: 5012.321 Thread 0x00000000562ef000 23002       3       org.gradle.util.CollectionUtils::flattenCollections (263 bytes)
Event: 5012.323 Thread 0x00000000562ef000 nmethod 23002 0x0000000005873a10 code [0x0000000005873da0, 0x0000000005875d18]
Event: 5012.326 Thread 0x00000000562ef000 23003       3       java.nio.charset.Charset::cache (22 bytes)
Event: 5012.327 Thread 0x00000000562ef000 nmethod 23003 0x00000000043a4f50 code [0x00000000043a50c0, 0x00000000043a54f0]
Event: 5012.368 Thread 0x00000000562e5800 23004       4       org.gradle.api.internal.artifacts.DefaultModuleVersionSelector::hashCode (69 bytes)
Event: 5012.376 Thread 0x00000000562e5800 nmethod 23004 0x0000000003c74c10 code [0x0000000003c74d60, 0x0000000003c75198]
Event: 5012.389 Thread 0x00000000562ed800 23005       4       org.gradle.api.internal.artifacts.DefaultImmutableModuleIdentifierFactory::moduleWithVersion (113 bytes)
Event: 5012.416 Thread 0x00000000562ed800 nmethod 23005 0x000000000457dd50 code [0x000000000457df40, 0x000000000457ea90]

GC Heap History (10 events):
Event: 4431.759 GC heap after
Heap after GC invocations=32 (full 3):
 PSYoungGen      total 187904K, used 9094K [0x00000000e0000000, 0x00000000f2b00000, 0x0000000100000000)
  eden space 178688K, 0% used [0x00000000e0000000,0x00000000e0000000,0x00000000eae80000)
  from space 9216K, 98% used [0x00000000f0680000,0x00000000f0f61838,0x00000000f0f80000)
  to   space 23040K, 0% used [0x00000000f1480000,0x00000000f1480000,0x00000000f2b00000)
 ParOldGen       total 108544K, used 71257K [0x00000000a0000000, 0x00000000a6a00000, 0x00000000e0000000)
  object space 108544K, 65% used [0x00000000a0000000,0x00000000a4596700,0x00000000a6a00000)
 Metaspace       used 81099K, capacity 88658K, committed 88960K, reserved 1126400K
  class space    used 10399K, capacity 12049K, committed 12160K, reserved 1048576K
}
Event: 4433.890 GC heap before
{Heap before GC invocations=33 (full 3):
 PSYoungGen      total 187904K, used 187782K [0x00000000e0000000, 0x00000000f2b00000, 0x0000000100000000)
  eden space 178688K, 100% used [0x00000000e0000000,0x00000000eae80000,0x00000000eae80000)
  from space 9216K, 98% used [0x00000000f0680000,0x00000000f0f61838,0x00000000f0f80000)
  to   space 23040K, 0% used [0x00000000f1480000,0x00000000f1480000,0x00000000f2b00000)
 ParOldGen       total 108544K, used 71257K [0x00000000a0000000, 0x00000000a6a00000, 0x00000000e0000000)
  object space 108544K, 65% used [0x00000000a0000000,0x00000000a4596700,0x00000000a6a00000)
 Metaspace       used 81272K, capacity 88912K, committed 89216K, reserved 1126400K
  class space    used 10410K, capacity 12088K, committed 12160K, reserved 1048576K
Event: 4433.911 GC heap after
Heap after GC invocations=33 (full 3):
 PSYoungGen      total 189952K, used 17898K [0x00000000e0000000, 0x00000000f2600000, 0x0000000100000000)
  eden space 172032K, 0% used [0x00000000e0000000,0x00000000e0000000,0x00000000ea800000)
  from space 17920K, 99% used [0x00000000f1480000,0x00000000f25fa9d8,0x00000000f2600000)
  to   space 24064K, 0% used [0x00000000ef700000,0x00000000ef700000,0x00000000f0e80000)
 ParOldGen       total 108544K, used 71824K [0x00000000a0000000, 0x00000000a6a00000, 0x00000000e0000000)
  object space 108544K, 66% used [0x00000000a0000000,0x00000000a4624090,0x00000000a6a00000)
 Metaspace       used 81272K, capacity 88912K, committed 89216K, reserved 1126400K
  class space    used 10410K, capacity 12088K, committed 12160K, reserved 1048576K
}
Event: 4645.302 GC heap before
{Heap before GC invocations=34 (full 3):
 PSYoungGen      total 189952K, used 189930K [0x00000000e0000000, 0x00000000f2600000, 0x0000000100000000)
  eden space 172032K, 100% used [0x00000000e0000000,0x00000000ea800000,0x00000000ea800000)
  from space 17920K, 99% used [0x00000000f1480000,0x00000000f25fa9d8,0x00000000f2600000)
  to   space 24064K, 0% used [0x00000000ef700000,0x00000000ef700000,0x00000000f0e80000)
 ParOldGen       total 108544K, used 71824K [0x00000000a0000000, 0x00000000a6a00000, 0x00000000e0000000)
  object space 108544K, 66% used [0x00000000a0000000,0x00000000a4624090,0x00000000a6a00000)
 Metaspace       used 81409K, capacity 89160K, committed 89216K, reserved 1126400K
  class space    used 10428K, capacity 12138K, committed 12160K, reserved 1048576K
Event: 4645.325 GC heap after
Heap after GC invocations=34 (full 3):
 PSYoungGen      total 177664K, used 12253K [0x00000000e0000000, 0x00000000f1500000, 0x0000000100000000)
  eden space 165376K, 0% used [0x00000000e0000000,0x00000000e0000000,0x00000000ea180000)
  from space 12288K, 99% used [0x00000000ef700000,0x00000000f02f7448,0x00000000f0300000)
  to   space 18432K, 0% used [0x00000000f0300000,0x00000000f0300000,0x00000000f1500000)
 ParOldGen       total 108544K, used 72168K [0x00000000a0000000, 0x00000000a6a00000, 0x00000000e0000000)
  object space 108544K, 66% used [0x00000000a0000000,0x00000000a467a3c0,0x00000000a6a00000)
 Metaspace       used 81409K, capacity 89160K, committed 89216K, reserved 1126400K
  class space    used 10428K, capacity 12138K, committed 12160K, reserved 1048576K
}
Event: 4647.164 GC heap before
{Heap before GC invocations=35 (full 3):
 PSYoungGen      total 177664K, used 177628K [0x00000000e0000000, 0x00000000f1500000, 0x0000000100000000)
  eden space 165376K, 99% used [0x00000000e0000000,0x00000000ea17fc10,0x00000000ea180000)
  from space 12288K, 99% used [0x00000000ef700000,0x00000000f02f7448,0x00000000f0300000)
  to   space 18432K, 0% used [0x00000000f0300000,0x00000000f0300000,0x00000000f1500000)
 ParOldGen       total 108544K, used 72168K [0x00000000a0000000, 0x00000000a6a00000, 0x00000000e0000000)
  object space 108544K, 66% used [0x00000000a0000000,0x00000000a467a3c0,0x00000000a6a00000)
 Metaspace       used 81505K, capacity 89294K, committed 89472K, reserved 1126400K
  class space    used 10437K, capacity 12149K, committed 12160K, reserved 1048576K
Event: 4647.190 GC heap after
Heap after GC invocations=35 (full 3):
 PSYoungGen      total 176640K, used 17168K [0x00000000e0000000, 0x00000000f1400000, 0x0000000100000000)
  eden space 159232K, 0% used [0x00000000e0000000,0x00000000e0000000,0x00000000e9b80000)
  from space 17408K, 98% used [0x00000000f0300000,0x00000000f13c4380,0x00000000f1400000)
  to   space 23552K, 0% used [0x00000000ee600000,0x00000000ee600000,0x00000000efd00000)
 ParOldGen       total 108544K, used 72407K [0x00000000a0000000, 0x00000000a6a00000, 0x00000000e0000000)
  object space 108544K, 66% used [0x00000000a0000000,0x00000000a46b5d40,0x00000000a6a00000)
 Metaspace       used 81505K, capacity 89294K, committed 89472K, reserved 1126400K
  class space    used 10437K, capacity 12149K, committed 12160K, reserved 1048576K
}
Event: 4851.936 GC heap before
{Heap before GC invocations=36 (full 3):
 PSYoungGen      total 176640K, used 176400K [0x00000000e0000000, 0x00000000f1400000, 0x0000000100000000)
  eden space 159232K, 100% used [0x00000000e0000000,0x00000000e9b80000,0x00000000e9b80000)
  from space 17408K, 98% used [0x00000000f0300000,0x00000000f13c4380,0x00000000f1400000)
  to   space 23552K, 0% used [0x00000000ee600000,0x00000000ee600000,0x00000000efd00000)
 ParOldGen       total 108544K, used 72407K [0x00000000a0000000, 0x00000000a6a00000, 0x00000000e0000000)
  object space 108544K, 66% used [0x00000000a0000000,0x00000000a46b5d40,0x00000000a6a00000)
 Metaspace       used 81650K, capacity 89490K, committed 89600K, reserved 1126400K
  class space    used 10448K, capacity 12189K, committed 12288K, reserved 1048576K
Event: 4851.976 GC heap after
Heap after GC invocations=36 (full 3):
 PSYoungGen      total 163328K, used 9682K [0x00000000e0000000, 0x00000000f0380000, 0x0000000100000000)
  eden space 153600K, 0% used [0x00000000e0000000,0x00000000e0000000,0x00000000e9600000)
  from space 9728K, 99% used [0x00000000ee600000,0x00000000eef74860,0x00000000eef80000)
  to   space 20480K, 0% used [0x00000000eef80000,0x00000000eef80000,0x00000000f0380000)
 ParOldGen       total 108544K, used 72589K [0x00000000a0000000, 0x00000000a6a00000, 0x00000000e0000000)
  object space 108544K, 66% used [0x00000000a0000000,0x00000000a46e36d0,0x00000000a6a00000)
 Metaspace       used 81650K, capacity 89490K, committed 89600K, reserved 1126400K
  class space    used 10448K, capacity 12189K, committed 12288K, reserved 1048576K
}
Event: 5012.420 GC heap before
{Heap before GC invocations=37 (full 3):
 PSYoungGen      total 163328K, used 163282K [0x00000000e0000000, 0x00000000f0380000, 0x0000000100000000)
  eden space 153600K, 100% used [0x00000000e0000000,0x00000000e9600000,0x00000000e9600000)
  from space 9728K, 99% used [0x00000000ee600000,0x00000000eef74860,0x00000000eef80000)
  to   space 20480K, 0% used [0x00000000eef80000,0x00000000eef80000,0x00000000f0380000)
 ParOldGen       total 108544K, used 72589K [0x00000000a0000000, 0x00000000a6a00000, 0x00000000e0000000)
  object space 108544K, 66% used [0x00000000a0000000,0x00000000a46e36d0,0x00000000a6a00000)
 Metaspace       used 81732K, capacity 89674K, committed 89856K, reserved 1126400K
  class space    used 10459K, capacity 12229K, committed 12288K, reserved 1048576K

Deoptimization events (10 events):
Event: 4646.548 Thread 0x000000005ca78000 Uncommon trap: reason=speculate_class_check action=maybe_recompile pc=0x0000000005af15e0 method=com.android.dx.util.FixedSizeList.equals(Ljava/lang/Object;)Z @ 25
Event: 4851.933 Thread 0x000000005ca76000 Uncommon trap: reason=class_check action=maybe_recompile pc=0x000000000670e528 method=com.google.common.collect.TransformedIterator.<init>(Ljava/util/Iterator;)V @ 9
Event: 4851.934 Thread 0x000000005ca76000 Uncommon trap: reason=class_check action=maybe_recompile pc=0x000000000670e528 method=com.google.common.collect.TransformedIterator.<init>(Ljava/util/Iterator;)V @ 9
Event: 4851.976 Thread 0x000000005ca76000 Uncommon trap: reason=class_check action=maybe_recompile pc=0x000000000670e528 method=com.google.common.collect.TransformedIterator.<init>(Ljava/util/Iterator;)V @ 9
Event: 4851.976 Thread 0x000000005ca76000 Uncommon trap: reason=class_check action=maybe_recompile pc=0x000000000670e528 method=com.google.common.collect.TransformedIterator.<init>(Ljava/util/Iterator;)V @ 9
Event: 4852.033 Thread 0x000000005ca76000 Uncommon trap: reason=unstable_if action=reinterpret pc=0x0000000005c98180 method=java.util.concurrent.locks.LockSupport.unpark(Ljava/lang/Thread;)V @ 1
Event: 4852.212 Thread 0x000000005f907800 Uncommon trap: reason=array_check action=maybe_recompile pc=0x000000000667807c method=java.util.TimSort.mergeLo(IIII)V @ 81
Event: 4852.212 Thread 0x000000005f907800 Uncommon trap: reason=array_check action=maybe_recompile pc=0x000000000667807c method=java.util.TimSort.mergeLo(IIII)V @ 81
Event: 4852.212 Thread 0x000000005f907800 Uncommon trap: reason=array_check action=maybe_recompile pc=0x000000000667807c method=java.util.TimSort.mergeLo(IIII)V @ 81
Event: 4852.212 Thread 0x000000005f907800 Uncommon trap: reason=array_check action=maybe_recompile pc=0x000000000667807c method=java.util.TimSort.mergeLo(IIII)V @ 81

Classes redefined (0 events):
No events

Internal exceptions (10 events):
Event: 4850.499 Thread 0x000000005d93d000 Exception <a 'sun/nio/fs/WindowsException'> (0x00000000e490a978) thrown at [D:\src\AOSP-openjdk-cygwin\jdk8u\hotspot\src\share\vm\prims\jni.cpp, line 709]
Event: 4850.499 Thread 0x000000005d93d000 Exception <a 'sun/nio/fs/WindowsException'> (0x00000000e490b488) thrown at [D:\src\AOSP-openjdk-cygwin\jdk8u\hotspot\src\share\vm\prims\jni.cpp, line 709]
Event: 4850.499 Thread 0x000000005d93d000 Exception <a 'sun/nio/fs/WindowsException'> (0x00000000e490dbc0) thrown at [D:\src\AOSP-openjdk-cygwin\jdk8u\hotspot\src\share\vm\prims\jni.cpp, line 709]
Event: 4850.499 Thread 0x000000005d93d000 Exception <a 'sun/nio/fs/WindowsException'> (0x00000000e490e708) thrown at [D:\src\AOSP-openjdk-cygwin\jdk8u\hotspot\src\share\vm\prims\jni.cpp, line 709]
Event: 4850.499 Thread 0x000000005d93d000 Exception <a 'sun/nio/fs/WindowsException'> (0x00000000e4910280) thrown at [D:\src\AOSP-openjdk-cygwin\jdk8u\hotspot\src\share\vm\prims\jni.cpp, line 709]
Event: 4850.499 Thread 0x000000005d93d000 Exception <a 'sun/nio/fs/WindowsException'> (0x00000000e4910e08) thrown at [D:\src\AOSP-openjdk-cygwin\jdk8u\hotspot\src\share\vm\prims\jni.cpp, line 709]
Event: 4852.059 Thread 0x000000005f907000 Exception <a 'sun/nio/fs/WindowsException'> (0x00000000e0619e98) thrown at [D:\src\AOSP-openjdk-cygwin\jdk8u\hotspot\src\share\vm\prims\jni.cpp, line 709]
Event: 4852.831 Thread 0x000000005d93d000 Exception <a 'sun/nio/fs/WindowsException'> (0x00000000e7950448) thrown at [D:\src\AOSP-openjdk-cygwin\jdk8u\hotspot\src\share\vm\prims\jni.cpp, line 709]
Event: 5012.292 Thread 0x000000005d93c000 Exception <a 'java/lang/ClassNotFoundException': sync_local_repo2995_bt8ynnxj4be6s57po6q2xfz7yBeanInfo> (0x00000000e7f45770) thrown at [D:\src\AOSP-openjdk-cygwin\jdk8u\hotspot\src\share\vm\classfile\systemDictionary.cpp, line 210]
Event: 5012.293 Thread 0x000000005d93c000 Exception <a 'java/lang/ClassNotFoundException': sync_local_repo2995_bt8ynnxj4be6s57po6q2xfz7yCustomizer> (0x00000000e7f50000) thrown at [D:\src\AOSP-openjdk-cygwin\jdk8u\hotspot\src\share\vm\classfile\systemDictionary.cpp, line 210]

Events (10 events):
Event: 5012.307 loading class groovy/runtime/metaclass/sync_local_repo2995_bt8ynnxj4be6s57po6q2xfz7y$_run_closure1$_closure2$_closure4MetaClass
Event: 5012.307 loading class groovy/runtime/metaclass/sync_local_repo2995_bt8ynnxj4be6s57po6q2xfz7y$_run_closure1$_closure2$_closure4MetaClass done
Event: 5012.309 loading class groovy/runtime/metaclass/sync_local_repo2995_bt8ynnxj4be6s57po6q2xfz7y$_run_closure1$_closure2$_closure4$_closure5MetaClass
Event: 5012.309 loading class groovy/runtime/metaclass/sync_local_repo2995_bt8ynnxj4be6s57po6q2xfz7y$_run_closure1$_closure2$_closure4$_closure5MetaClass done
Event: 5012.311 loading class groovy/runtime/metaclass/sync_local_repo2995_bt8ynnxj4be6s57po6q2xfz7y$_run_closure1$_closure3MetaClass
Event: 5012.311 loading class groovy/runtime/metaclass/sync_local_repo2995_bt8ynnxj4be6s57po6q2xfz7y$_run_closure1$_closure3MetaClass done
Event: 5012.313 loading class groovy/runtime/metaclass/sync_local_repo2995_bt8ynnxj4be6s57po6q2xfz7y$_run_closure1$_closure3$_closure6MetaClass
Event: 5012.313 loading class groovy/runtime/metaclass/sync_local_repo2995_bt8ynnxj4be6s57po6q2xfz7y$_run_closure1$_closure3$_closure6MetaClass done
Event: 5012.318 Thread 0x000000005f90a000 Thread added: 0x000000005f90a000
Event: 5012.420 Executing VM operation: ParallelGCFailedAllocation


Dynamic libraries:
0x000000013f0e0000 - 0x000000013f111000 	C:\Program Files\Android\Android Studio\jre\bin\java.exe
0x00000000778a0000 - 0x0000000077a4a000 	C:\Windows\SYSTEM32\ntdll.dll
0x0000000077780000 - 0x000000007789f000 	C:\Windows\system32\kernel32.dll
0x000007fefd8e0000 - 0x000007fefd94a000 	C:\Windows\system32\KERNELBASE.dll
0x000007fefed60000 - 0x000007fefee3b000 	C:\Windows\system32\ADVAPI32.dll
0x000007feff680000 - 0x000007feff71f000 	C:\Windows\system32\msvcrt.dll
0x000007feff900000 - 0x000007feff91f000 	C:\Windows\SYSTEM32\sechost.dll
0x000007feff4d0000 - 0x000007feff5fd000 	C:\Windows\system32\RPCRT4.dll
0x0000000077680000 - 0x000000007777a000 	C:\Windows\system32\USER32.dll
0x000007fefe960000 - 0x000007fefe9c7000 	C:\Windows\system32\GDI32.dll
0x000007feffb50000 - 0x000007feffb5e000 	C:\Windows\system32\LPK.dll
0x000007fefdad0000 - 0x000007fefdb9b000 	C:\Windows\system32\USP10.dll
0x000007fefbbe0000 - 0x000007fefbdd4000 	C:\Windows\WinSxS\amd64_microsoft.windows.common-controls_6595b64144ccf1df_6.0.7601.18837_none_fa3b1e3d17594757\COMCTL32.dll
0x000007fefd950000 - 0x000007fefd9c1000 	C:\Windows\system32\SHLWAPI.dll
0x000007fefdba0000 - 0x000007fefdbce000 	C:\Windows\system32\IMM32.DLL
0x000007feff110000 - 0x000007feff219000 	C:\Windows\system32\MSCTF.dll
0x000007fefd4d0000 - 0x000007fefd500000 	C:\Windows\system32\nvinitx.dll
0x000007fefd4c0000 - 0x000007fefd4cc000 	C:\Windows\system32\VERSION.dll
0x0000000072750000 - 0x0000000072756000 	C:\Program Files\NVIDIA Corporation\CoProcManager\detoured.dll
0x000007fef85b0000 - 0x000007fef85e8000 	C:\Program Files\NVIDIA Corporation\CoProcManager\nvd3d9wrapx.dll
0x000007feff720000 - 0x000007feff8f7000 	C:\Windows\system32\SETUPAPI.dll
0x000007fefd770000 - 0x000007fefd7a6000 	C:\Windows\system32\CFGMGR32.dll
0x000007fefd9f0000 - 0x000007fefdaca000 	C:\Windows\system32\OLEAUT32.dll
0x000007feff220000 - 0x000007feff41c000 	C:\Windows\system32\ole32.dll
0x000007fefd5b0000 - 0x000007fefd5ca000 	C:\Windows\system32\DEVOBJ.dll
0x000007fef8580000 - 0x000007fef85a4000 	C:\Program Files\NVIDIA Corporation\CoProcManager\nvdxgiwrapx.dll
0x0000000071890000 - 0x0000000071962000 	C:\Program Files\Android\Android Studio\jre\jre\bin\msvcr100.dll
0x0000000073f90000 - 0x00000000747ce000 	C:\Program Files\Android\Android Studio\jre\jre\bin\server\jvm.dll
0x000007fefbbc0000 - 0x000007fefbbc9000 	C:\Windows\system32\WSOCK32.dll
0x000007feffb60000 - 0x000007feffbad000 	C:\Windows\system32\WS2_32.dll
0x000007feff4c0000 - 0x000007feff4c8000 	C:\Windows\system32\NSI.dll
0x000007fefb540000 - 0x000007fefb57b000 	C:\Windows\system32\WINMM.dll
0x0000000077a70000 - 0x0000000077a77000 	C:\Windows\system32\PSAPI.DLL
0x000007fefbbb0000 - 0x000007fefbbbf000 	C:\Program Files\Android\Android Studio\jre\jre\bin\verify.dll
0x000007fefafa0000 - 0x000007fefafc9000 	C:\Program Files\Android\Android Studio\jre\jre\bin\java.dll
0x000007fefb0c0000 - 0x000007fefb0d6000 	C:\Program Files\Android\Android Studio\jre\jre\bin\zip.dll
0x000007fefdbd0000 - 0x000007fefe95b000 	C:\Windows\system32\SHELL32.dll
0x000007fefd590000 - 0x000007fefd59f000 	C:\Windows\system32\profapi.dll
0x000007fefb090000 - 0x000007fefb0aa000 	C:\Program Files\Android\Android Studio\jre\jre\bin\net.dll
0x000007fefcd20000 - 0x000007fefcd75000 	C:\Windows\system32\mswsock.dll
0x000007fefcd10000 - 0x000007fefcd17000 	C:\Windows\System32\wship6.dll
0x000007fef78c0000 - 0x000007fef78d1000 	C:\Program Files\Android\Android Studio\jre\jre\bin\nio.dll
0x000007fef50f0000 - 0x000007fef510e000 	C:\Users\ACR411\.gradle\native\25\windows-amd64\native-platform.dll
0x000007fefb0f0000 - 0x000007fefb0fd000 	C:\Program Files\Android\Android Studio\jre\jre\bin\management.dll
0x000007fefcd80000 - 0x000007fefcd98000 	C:\Windows\system32\CRYPTSP.dll
0x000007fefca80000 - 0x000007fefcac7000 	C:\Windows\system32\rsaenh.dll
0x000007fefd5d0000 - 0x000007fefd5ee000 	C:\Windows\system32\USERENV.dll
0x000007fefd3f0000 - 0x000007fefd3ff000 	C:\Windows\system32\CRYPTBASE.dll
0x000007fefae10000 - 0x000007fefae37000 	C:\Windows\system32\IPHLPAPI.DLL
0x000007fefae00000 - 0x000007fefae0b000 	C:\Windows\system32\WINNSI.DLL
0x000007fefaa70000 - 0x000007fefaa88000 	C:\Windows\system32\dhcpcsvc.DLL
0x000007fefaa50000 - 0x000007fefaa61000 	C:\Windows\system32\dhcpcsvc6.DLL
0x000007fefd390000 - 0x000007fefd3e7000 	C:\Windows\system32\apphelp.dll
0x000007fef1070000 - 0x000007fef1195000 	C:\Windows\system32\dbghelp.dll

VM Arguments:
jvm_args: -Xmx1536m -Dfile.encoding=windows-1252 -Duser.country=US -Duser.language=en -Duser.variant 
java_command: org.gradle.launcher.daemon.bootstrap.GradleDaemon 4.1
java_class_path (initial): C:\Users\ACR411\.gradle\wrapper\dists\gradle-4.1-all\bzyivzo6n839fup2jbap0tjew\gradle-4.1\lib\gradle-launcher-4.1.jar
Launcher Type: SUN_STANDARD

Environment Variables:
PATH=C:\Program Files (x86)\Common Files\Oracle\Java\javapath;C:\Windows\system32;C:\Windows;C:\Windows\System32\Wbem;C:\Windows\System32\WindowsPowerShell\v1.0\;c:\Program Files (x86)\Microsoft SQL Server\90\Tools\binn\;C:\Program Files\dotnet\;C:\Program Files\Microsoft SQL Server\130\Tools\Binn\;C:\Program Files (x86)\Common Files\Adobe\AGL
USERNAME=ACR411
OS=Windows_NT
PROCESSOR_IDENTIFIER=Intel64 Family 6 Model 37 Stepping 5, GenuineIntel



---------------  S Y S T E M  ---------------

OS: Windows 7 , 64 bit Build 7601 (6.1.7601.23807)

CPU:total 4 (initial active 4) (2 cores per cpu, 2 threads per core) family 6 model 37 stepping 5, cmov, cx8, fxsr, mmx, sse, sse2, sse3, ssse3, sse4.1, sse4.2, popcnt, ht, tsc, tscinvbit

Memory: 4k page, physical 8051412k(4516052k free), swap 16100964k(12444188k free)

vm_info: OpenJDK 64-Bit Server VM (25.152-b01) for windows-amd64 JRE (1.8.0_152-release-915-b01), built by "builder" with MS VC++ 10.0 (VS2010)

time: Sun Sep 02 18:40:07 2018
elapsed time: 5012 seconds (0d 1h 23m 32s)

